{"/home/LeGusto/Documents/Mini-Judge/config.js": {"path":"/home/LeGusto/Documents/Mini-Judge/config.js","statementMap":{"0":{"start":{"line":1,"column":0},"end":{"line":9,"column":2}}},"fnMap":{},"branchMap":{},"s":{"0":2},"f":{},"b":{},"_coverageSchema":"1a1c01bbd47fc00a2c39e90264f33305004495a9","hash":"55a01c55cf0f7dca84912403f74a09f03868d2ea"}
,"/home/LeGusto/Documents/Mini-Judge/src/judge.js": {"path":"/home/LeGusto/Documents/Mini-Judge/src/judge.js","statementMap":{"0":{"start":{"line":1,"column":15},"end":{"line":1,"column":37}},"1":{"start":{"line":2,"column":13},"end":{"line":2,"column":28}},"2":{"start":{"line":3,"column":11},"end":{"line":3,"column":24}},"3":{"start":{"line":4,"column":12},"end":{"line":4,"column":26}},"4":{"start":{"line":5,"column":11},"end":{"line":5,"column":24}},"5":{"start":{"line":6,"column":24},"end":{"line":6,"column":45}},"6":{"start":{"line":9,"column":20},"end":{"line":9,"column":68}},"7":{"start":{"line":10,"column":20},"end":{"line":10,"column":22}},"8":{"start":{"line":12,"column":2},"end":{"line":17,"column":3}},"9":{"start":{"line":13,"column":21},"end":{"line":13,"column":48}},"10":{"start":{"line":14,"column":23},"end":{"line":14,"column":53}},"11":{"start":{"line":15,"column":4},"end":{"line":15,"column":46}},"12":{"start":{"line":16,"column":4},"end":{"line":16,"column":31}},"13":{"start":{"line":19,"column":2},"end":{"line":19,"column":78}},"14":{"start":{"line":19,"column":59},"end":{"line":19,"column":75}},"15":{"start":{"line":22,"column":24},"end":{"line":37,"column":1}},"16":{"start":{"line":26,"column":6},"end":{"line":28,"column":34}},"17":{"start":{"line":33,"column":18},"end":{"line":33,"column":72}},"18":{"start":{"line":34,"column":6},"end":{"line":34,"column":69}},"19":{"start":{"line":40,"column":2},"end":{"line":42,"column":3}},"20":{"start":{"line":41,"column":4},"end":{"line":41,"column":44}},"21":{"start":{"line":44,"column":17},"end":{"line":44,"column":58}},"22":{"start":{"line":45,"column":23},"end":{"line":45,"column":54}},"23":{"start":{"line":46,"column":2},"end":{"line":48,"column":3}},"24":{"start":{"line":47,"column":4},"end":{"line":47,"column":65}},"25":{"start":{"line":50,"column":18},"end":{"line":50,"column":20}},"26":{"start":{"line":52,"column":2},"end":{"line":166,"column":3}},"27":{"start":{"line":52,"column":15},"end":{"line":52,"column":16}},"28":{"start":{"line":53,"column":18},"end":{"line":53,"column":62}},"29":{"start":{"line":54,"column":26},"end":{"line":54,"column":53}},"30":{"start":{"line":56,"column":22},"end":{"line":74,"column":6}},"31":{"start":{"line":77,"column":20},"end":{"line":77,"column":25}},"32":{"start":{"line":79,"column":4},"end":{"line":165,"column":5}},"33":{"start":{"line":80,"column":30},"end":{"line":82,"column":24}},"34":{"start":{"line":84,"column":24},"end":{"line":84,"column":56}},"35":{"start":{"line":85,"column":6},"end":{"line":85,"column":59}},"36":{"start":{"line":86,"column":6},"end":{"line":86,"column":30}},"37":{"start":{"line":88,"column":21},"end":{"line":94,"column":8}},"38":{"start":{"line":96,"column":19},"end":{"line":96,"column":21}},"39":{"start":{"line":97,"column":28},"end":{"line":105,"column":8}},"40":{"start":{"line":98,"column":8},"end":{"line":102,"column":11}},"41":{"start":{"line":99,"column":10},"end":{"line":101,"column":11}},"42":{"start":{"line":100,"column":12},"end":{"line":100,"column":48}},"43":{"start":{"line":103,"column":8},"end":{"line":103,"column":34}},"44":{"start":{"line":104,"column":8},"end":{"line":104,"column":36}},"45":{"start":{"line":107,"column":24},"end":{"line":107,"column":41}},"46":{"start":{"line":108,"column":6},"end":{"line":111,"column":39}},"47":{"start":{"line":109,"column":8},"end":{"line":109,"column":25}},"48":{"start":{"line":110,"column":8},"end":{"line":110,"column":41}},"49":{"start":{"line":113,"column":27},"end":{"line":113,"column":79}},"50":{"start":{"line":115,"column":22},"end":{"line":115,"column":39}},"51":{"start":{"line":116,"column":6},"end":{"line":116,"column":34}},"52":{"start":{"line":118,"column":23},"end":{"line":118,"column":76}},"53":{"start":{"line":120,"column":23},"end":{"line":120,"column":24}},"54":{"start":{"line":121,"column":6},"end":{"line":126,"column":16}},"55":{"start":{"line":122,"column":22},"end":{"line":122,"column":62}},"56":{"start":{"line":123,"column":8},"end":{"line":125,"column":14}},"57":{"start":{"line":128,"column":26},"end":{"line":128,"column":69}},"58":{"start":{"line":129,"column":23},"end":{"line":129,"column":44}},"59":{"start":{"line":131,"column":20},"end":{"line":131,"column":24}},"60":{"start":{"line":132,"column":24},"end":{"line":132,"column":35}},"61":{"start":{"line":134,"column":6},"end":{"line":143,"column":7}},"62":{"start":{"line":135,"column":8},"end":{"line":135,"column":24}},"63":{"start":{"line":136,"column":8},"end":{"line":136,"column":44}},"64":{"start":{"line":137,"column":13},"end":{"line":143,"column":7}},"65":{"start":{"line":138,"column":8},"end":{"line":138,"column":24}},"66":{"start":{"line":139,"column":8},"end":{"line":139,"column":46}},"67":{"start":{"line":140,"column":13},"end":{"line":143,"column":7}},"68":{"start":{"line":141,"column":8},"end":{"line":141,"column":24}},"69":{"start":{"line":142,"column":8},"end":{"line":142,"column":38}},"70":{"start":{"line":145,"column":6},"end":{"line":151,"column":9}},"71":{"start":{"line":153,"column":6},"end":{"line":163,"column":7}},"72":{"start":{"line":154,"column":8},"end":{"line":156,"column":9}},"73":{"start":{"line":155,"column":10},"end":{"line":155,"column":39}},"74":{"start":{"line":157,"column":8},"end":{"line":160,"column":9}},"75":{"start":{"line":158,"column":10},"end":{"line":158,"column":49}},"76":{"start":{"line":159,"column":10},"end":{"line":159,"column":66}},"77":{"start":{"line":162,"column":8},"end":{"line":162,"column":45}},"78":{"start":{"line":164,"column":6},"end":{"line":164,"column":34}},"79":{"start":{"line":169,"column":2},"end":{"line":171,"column":3}},"80":{"start":{"line":170,"column":4},"end":{"line":170,"column":32}},"81":{"start":{"line":173,"column":2},"end":{"line":173,"column":17}},"82":{"start":{"line":176,"column":0},"end":{"line":176,"column":33}}},"fnMap":{"0":{"name":"createTarStream","decl":{"start":{"line":8,"column":9},"end":{"line":8,"column":24}},"loc":{"start":{"line":8,"column":36},"end":{"line":20,"column":1}},"line":8},"1":{"name":"(anonymous_1)","decl":{"start":{"line":19,"column":54},"end":{"line":19,"column":55}},"loc":{"start":{"line":19,"column":59},"end":{"line":19,"column":75}},"line":19},"2":{"name":"(anonymous_2)","decl":{"start":{"line":25,"column":9},"end":{"line":25,"column":10}},"loc":{"start":{"line":26,"column":6},"end":{"line":28,"column":34}},"line":26},"3":{"name":"(anonymous_3)","decl":{"start":{"line":32,"column":9},"end":{"line":32,"column":10}},"loc":{"start":{"line":32,"column":42},"end":{"line":35,"column":5}},"line":32},"4":{"name":"executeCode","decl":{"start":{"line":39,"column":15},"end":{"line":39,"column":26}},"loc":{"start":{"line":39,"column":85},"end":{"line":174,"column":1}},"line":39},"5":{"name":"(anonymous_5)","decl":{"start":{"line":97,"column":40},"end":{"line":97,"column":41}},"loc":{"start":{"line":97,"column":53},"end":{"line":105,"column":7}},"line":97},"6":{"name":"(anonymous_6)","decl":{"start":{"line":98,"column":26},"end":{"line":98,"column":27}},"loc":{"start":{"line":98,"column":37},"end":{"line":102,"column":9}},"line":98},"7":{"name":"(anonymous_7)","decl":{"start":{"line":108,"column":33},"end":{"line":108,"column":34}},"loc":{"start":{"line":108,"column":39},"end":{"line":111,"column":7}},"line":108},"8":{"name":"(anonymous_8)","decl":{"start":{"line":110,"column":31},"end":{"line":110,"column":32}},"loc":{"start":{"line":110,"column":37},"end":{"line":110,"column":39}},"line":110},"9":{"name":"(anonymous_9)","decl":{"start":{"line":158,"column":39},"end":{"line":158,"column":40}},"loc":{"start":{"line":158,"column":45},"end":{"line":158,"column":47}},"line":158},"10":{"name":"(anonymous_10)","decl":{"start":{"line":159,"column":56},"end":{"line":159,"column":57}},"loc":{"start":{"line":159,"column":62},"end":{"line":159,"column":64}},"line":159}},"branchMap":{"0":{"loc":{"start":{"line":26,"column":6},"end":{"line":28,"column":34}},"type":"cond-expr","locations":[{"start":{"line":27,"column":10},"end":{"line":27,"column":69}},{"start":{"line":28,"column":10},"end":{"line":28,"column":34}}],"line":26},"1":{"loc":{"start":{"line":33,"column":18},"end":{"line":33,"column":72}},"type":"cond-expr","locations":[{"start":{"line":33,"column":34},"end":{"line":33,"column":61}},{"start":{"line":33,"column":64},"end":{"line":33,"column":72}}],"line":33},"2":{"loc":{"start":{"line":39,"column":53},"end":{"line":39,"column":68}},"type":"default-arg","locations":[{"start":{"line":39,"column":66},"end":{"line":39,"column":68}}],"line":39},"3":{"loc":{"start":{"line":40,"column":2},"end":{"line":42,"column":3}},"type":"if","locations":[{"start":{"line":40,"column":2},"end":{"line":42,"column":3}},{"start":{},"end":{}}],"line":40},"4":{"loc":{"start":{"line":46,"column":2},"end":{"line":48,"column":3}},"type":"if","locations":[{"start":{"line":46,"column":2},"end":{"line":48,"column":3}},{"start":{},"end":{}}],"line":46},"5":{"loc":{"start":{"line":53,"column":18},"end":{"line":53,"column":62}},"type":"cond-expr","locations":[{"start":{"line":53,"column":42},"end":{"line":53,"column":55}},{"start":{"line":53,"column":58},"end":{"line":53,"column":62}}],"line":53},"6":{"loc":{"start":{"line":54,"column":26},"end":{"line":54,"column":53}},"type":"binary-expr","locations":[{"start":{"line":54,"column":26},"end":{"line":54,"column":45}},{"start":{"line":54,"column":49},"end":{"line":54,"column":53}}],"line":54},"7":{"loc":{"start":{"line":60,"column":8},"end":{"line":60,"column":59}},"type":"cond-expr","locations":[{"start":{"line":60,"column":24},"end":{"line":60,"column":52}},{"start":{"line":60,"column":55},"end":{"line":60,"column":59}}],"line":60},"8":{"loc":{"start":{"line":80,"column":30},"end":{"line":82,"column":24}},"type":"cond-expr","locations":[{"start":{"line":81,"column":10},"end":{"line":81,"column":39}},{"start":{"line":82,"column":10},"end":{"line":82,"column":24}}],"line":80},"9":{"loc":{"start":{"line":99,"column":10},"end":{"line":101,"column":11}},"type":"if","locations":[{"start":{"line":99,"column":10},"end":{"line":101,"column":11}},{"start":{},"end":{}}],"line":99},"10":{"loc":{"start":{"line":123,"column":21},"end":{"line":125,"column":13}},"type":"cond-expr","locations":[{"start":{"line":124,"column":12},"end":{"line":124,"column":64}},{"start":{"line":125,"column":12},"end":{"line":125,"column":13}}],"line":123},"11":{"loc":{"start":{"line":134,"column":6},"end":{"line":143,"column":7}},"type":"if","locations":[{"start":{"line":134,"column":6},"end":{"line":143,"column":7}},{"start":{"line":137,"column":13},"end":{"line":143,"column":7}}],"line":134},"12":{"loc":{"start":{"line":134,"column":10},"end":{"line":134,"column":55}},"type":"binary-expr","locations":[{"start":{"line":134,"column":10},"end":{"line":134,"column":19}},{"start":{"line":134,"column":23},"end":{"line":134,"column":55}}],"line":134},"13":{"loc":{"start":{"line":137,"column":13},"end":{"line":143,"column":7}},"type":"if","locations":[{"start":{"line":137,"column":13},"end":{"line":143,"column":7}},{"start":{"line":140,"column":13},"end":{"line":143,"column":7}}],"line":137},"14":{"loc":{"start":{"line":137,"column":17},"end":{"line":137,"column":73}},"type":"binary-expr","locations":[{"start":{"line":137,"column":17},"end":{"line":137,"column":33}},{"start":{"line":137,"column":37},"end":{"line":137,"column":73}}],"line":137},"15":{"loc":{"start":{"line":140,"column":13},"end":{"line":143,"column":7}},"type":"if","locations":[{"start":{"line":140,"column":13},"end":{"line":143,"column":7}},{"start":{},"end":{}}],"line":140},"16":{"loc":{"start":{"line":154,"column":8},"end":{"line":156,"column":9}},"type":"if","locations":[{"start":{"line":154,"column":8},"end":{"line":156,"column":9}},{"start":{},"end":{}}],"line":154},"17":{"loc":{"start":{"line":154,"column":12},"end":{"line":154,"column":76}},"type":"binary-expr","locations":[{"start":{"line":154,"column":12},"end":{"line":154,"column":44}},{"start":{"line":154,"column":48},"end":{"line":154,"column":76}}],"line":154},"18":{"loc":{"start":{"line":157,"column":8},"end":{"line":160,"column":9}},"type":"if","locations":[{"start":{"line":157,"column":8},"end":{"line":160,"column":9}},{"start":{},"end":{}}],"line":157},"19":{"loc":{"start":{"line":169,"column":2},"end":{"line":171,"column":3}},"type":"if","locations":[{"start":{"line":169,"column":2},"end":{"line":171,"column":3}},{"start":{},"end":{}}],"line":169},"20":{"loc":{"start":{"line":169,"column":6},"end":{"line":169,"column":67}},"type":"binary-expr","locations":[{"start":{"line":169,"column":6},"end":{"line":169,"column":36}},{"start":{"line":169,"column":40},"end":{"line":169,"column":67}}],"line":169}},"s":{"0":1,"1":1,"2":1,"3":1,"4":1,"5":1,"6":0,"7":0,"8":0,"9":0,"10":0,"11":0,"12":0,"13":0,"14":0,"15":1,"16":3,"17":6,"18":6,"19":9,"20":0,"21":9,"22":9,"23":9,"24":0,"25":9,"26":9,"27":9,"28":9,"29":9,"30":9,"31":0,"32":0,"33":0,"34":0,"35":0,"36":0,"37":0,"38":0,"39":0,"40":0,"41":0,"42":0,"43":0,"44":0,"45":0,"46":0,"47":0,"48":0,"49":0,"50":0,"51":0,"52":0,"53":0,"54":0,"55":0,"56":0,"57":0,"58":0,"59":0,"60":0,"61":0,"62":0,"63":0,"64":0,"65":0,"66":0,"67":0,"68":0,"69":0,"70":0,"71":0,"72":0,"73":0,"74":0,"75":0,"76":0,"77":0,"78":0,"79":0,"80":0,"81":0,"82":1},"f":{"0":0,"1":0,"2":3,"3":6,"4":9,"5":0,"6":0,"7":0,"8":0,"9":0,"10":0},"b":{"0":[1,2],"1":[2,4],"2":[0],"3":[0,9],"4":[0,9],"5":[3,6],"6":[9,6],"7":[3,6],"8":[0,0],"9":[0,0],"10":[0,0],"11":[0,0],"12":[0,0],"13":[0,0],"14":[0,0],"15":[0,0],"16":[0,0],"17":[0,0],"18":[0,0],"19":[0,0],"20":[0,0]},"_coverageSchema":"1a1c01bbd47fc00a2c39e90264f33305004495a9","hash":"3bcd7067b367505244688fb1d4d204a117415ccf"}
,"/home/LeGusto/Documents/Mini-Judge/src/queue_manager.js": {"path":"/home/LeGusto/Documents/Mini-Judge/src/queue_manager.js","statementMap":{"0":{"start":{"line":1,"column":24},"end":{"line":1,"column":42}},"1":{"start":{"line":2,"column":23},"end":{"line":2,"column":43}},"2":{"start":{"line":3,"column":13},"end":{"line":3,"column":28}},"3":{"start":{"line":4,"column":11},"end":{"line":4,"column":24}},"4":{"start":{"line":8,"column":4},"end":{"line":8,"column":20}},"5":{"start":{"line":9,"column":4},"end":{"line":9,"column":33}},"6":{"start":{"line":10,"column":4},"end":{"line":10,"column":24}},"7":{"start":{"line":11,"column":4},"end":{"line":11,"column":27}},"8":{"start":{"line":12,"column":4},"end":{"line":12,"column":31}},"9":{"start":{"line":16,"column":4},"end":{"line":16,"column":59}},"10":{"start":{"line":20,"column":25},"end":{"line":20,"column":52}},"11":{"start":{"line":22,"column":27},"end":{"line":32,"column":5}},"12":{"start":{"line":34,"column":4},"end":{"line":34,"column":55}},"13":{"start":{"line":35,"column":4},"end":{"line":35,"column":34}},"14":{"start":{"line":38,"column":4},"end":{"line":40,"column":5}},"15":{"start":{"line":39,"column":6},"end":{"line":39,"column":25}},"16":{"start":{"line":42,"column":4},"end":{"line":42,"column":24}},"17":{"start":{"line":46,"column":4},"end":{"line":48,"column":5}},"18":{"start":{"line":47,"column":6},"end":{"line":47,"column":13}},"19":{"start":{"line":50,"column":25},"end":{"line":50,"column":43}},"20":{"start":{"line":51,"column":4},"end":{"line":51,"column":25}},"21":{"start":{"line":53,"column":4},"end":{"line":154,"column":5}},"22":{"start":{"line":54,"column":25},"end":{"line":54,"column":59}},"23":{"start":{"line":55,"column":6},"end":{"line":55,"column":39}},"24":{"start":{"line":56,"column":6},"end":{"line":56,"column":31}},"25":{"start":{"line":59,"column":25},"end":{"line":59,"column":68}},"26":{"start":{"line":60,"column":23},"end":{"line":60,"column":53}},"27":{"start":{"line":61,"column":24},"end":{"line":61,"column":55}},"28":{"start":{"line":62,"column":27},"end":{"line":62,"column":61}},"29":{"start":{"line":64,"column":6},"end":{"line":66,"column":7}},"30":{"start":{"line":65,"column":8},"end":{"line":65,"column":68}},"31":{"start":{"line":68,"column":6},"end":{"line":70,"column":7}},"32":{"start":{"line":69,"column":8},"end":{"line":69,"column":63}},"33":{"start":{"line":72,"column":6},"end":{"line":72,"column":31}},"34":{"start":{"line":75,"column":25},"end":{"line":75,"column":87}},"35":{"start":{"line":75,"column":62},"end":{"line":75,"column":79}},"36":{"start":{"line":76,"column":28},"end":{"line":82,"column":8}},"37":{"start":{"line":77,"column":25},"end":{"line":77,"column":50}},"38":{"start":{"line":78,"column":8},"end":{"line":81,"column":10}},"39":{"start":{"line":84,"column":6},"end":{"line":84,"column":31}},"40":{"start":{"line":87,"column":26},"end":{"line":87,"column":75}},"41":{"start":{"line":88,"column":24},"end":{"line":88,"column":58}},"42":{"start":{"line":89,"column":26},"end":{"line":89,"column":60}},"43":{"start":{"line":90,"column":20},"end":{"line":90,"column":47}},"44":{"start":{"line":92,"column":6},"end":{"line":92,"column":31}},"45":{"start":{"line":95,"column":31},"end":{"line":104,"column":8}},"46":{"start":{"line":106,"column":6},"end":{"line":106,"column":31}},"47":{"start":{"line":109,"column":22},"end":{"line":127,"column":8}},"48":{"start":{"line":110,"column":27},"end":{"line":110,"column":84}},"49":{"start":{"line":111,"column":8},"end":{"line":116,"column":9}},"50":{"start":{"line":112,"column":10},"end":{"line":115,"column":12}},"51":{"start":{"line":118,"column":31},"end":{"line":118,"column":66}},"52":{"start":{"line":119,"column":24},"end":{"line":119,"column":58}},"53":{"start":{"line":121,"column":8},"end":{"line":126,"column":10}},"54":{"start":{"line":129,"column":6},"end":{"line":129,"column":31}},"55":{"start":{"line":132,"column":22},"end":{"line":136,"column":7}},"56":{"start":{"line":134,"column":36},"end":{"line":134,"column":60}},"57":{"start":{"line":135,"column":36},"end":{"line":135,"column":60}},"58":{"start":{"line":138,"column":6},"end":{"line":138,"column":32}},"59":{"start":{"line":139,"column":6},"end":{"line":139,"column":38}},"60":{"start":{"line":140,"column":6},"end":{"line":140,"column":35}},"61":{"start":{"line":141,"column":6},"end":{"line":141,"column":35}},"62":{"start":{"line":142,"column":6},"end":{"line":142,"column":42}},"63":{"start":{"line":145,"column":25},"end":{"line":145,"column":59}},"64":{"start":{"line":146,"column":6},"end":{"line":146,"column":34}},"65":{"start":{"line":147,"column":6},"end":{"line":147,"column":39}},"66":{"start":{"line":148,"column":6},"end":{"line":148,"column":42}},"67":{"start":{"line":149,"column":6},"end":{"line":149,"column":65}},"68":{"start":{"line":151,"column":6},"end":{"line":151,"column":27}},"69":{"start":{"line":153,"column":6},"end":{"line":153,"column":45}},"70":{"start":{"line":153,"column":25},"end":{"line":153,"column":43}},"71":{"start":{"line":158,"column":4},"end":{"line":158,"column":54}},"72":{"start":{"line":162,"column":4},"end":{"line":164,"column":6}},"73":{"start":{"line":163,"column":6},"end":{"line":163,"column":51}},"74":{"start":{"line":168,"column":4},"end":{"line":173,"column":6}},"75":{"start":{"line":178,"column":24},"end":{"line":178,"column":48}},"76":{"start":{"line":179,"column":4},"end":{"line":184,"column":5}},"77":{"start":{"line":180,"column":23},"end":{"line":180,"column":45}},"78":{"start":{"line":181,"column":6},"end":{"line":183,"column":9}},"79":{"start":{"line":182,"column":8},"end":{"line":182,"column":40}},"80":{"start":{"line":189,"column":21},"end":{"line":189,"column":39}},"81":{"start":{"line":192,"column":24},"end":{"line":194,"column":18}},"82":{"start":{"line":193,"column":2},"end":{"line":193,"column":25}},"83":{"start":{"line":197,"column":0},"end":{"line":199,"column":2}},"84":{"start":{"line":198,"column":2},"end":{"line":198,"column":33}},"85":{"start":{"line":201,"column":0},"end":{"line":201,"column":30}}},"fnMap":{"0":{"name":"(anonymous_0)","decl":{"start":{"line":7,"column":2},"end":{"line":7,"column":3}},"loc":{"start":{"line":7,"column":16},"end":{"line":13,"column":3}},"line":7},"1":{"name":"(anonymous_1)","decl":{"start":{"line":15,"column":2},"end":{"line":15,"column":3}},"loc":{"start":{"line":15,"column":25},"end":{"line":17,"column":3}},"line":15},"2":{"name":"(anonymous_2)","decl":{"start":{"line":19,"column":2},"end":{"line":19,"column":3}},"loc":{"start":{"line":19,"column":34},"end":{"line":43,"column":3}},"line":19},"3":{"name":"(anonymous_3)","decl":{"start":{"line":45,"column":2},"end":{"line":45,"column":3}},"loc":{"start":{"line":45,"column":22},"end":{"line":155,"column":3}},"line":45},"4":{"name":"(anonymous_4)","decl":{"start":{"line":75,"column":57},"end":{"line":75,"column":58}},"loc":{"start":{"line":75,"column":62},"end":{"line":75,"column":79}},"line":75},"5":{"name":"(anonymous_5)","decl":{"start":{"line":76,"column":43},"end":{"line":76,"column":44}},"loc":{"start":{"line":76,"column":51},"end":{"line":82,"column":7}},"line":76},"6":{"name":"(anonymous_6)","decl":{"start":{"line":109,"column":43},"end":{"line":109,"column":44}},"loc":{"start":{"line":109,"column":53},"end":{"line":127,"column":7}},"line":109},"7":{"name":"(anonymous_7)","decl":{"start":{"line":134,"column":31},"end":{"line":134,"column":32}},"loc":{"start":{"line":134,"column":36},"end":{"line":134,"column":60}},"line":134},"8":{"name":"(anonymous_8)","decl":{"start":{"line":135,"column":31},"end":{"line":135,"column":32}},"loc":{"start":{"line":135,"column":36},"end":{"line":135,"column":60}},"line":135},"9":{"name":"(anonymous_9)","decl":{"start":{"line":153,"column":19},"end":{"line":153,"column":20}},"loc":{"start":{"line":153,"column":25},"end":{"line":153,"column":43}},"line":153},"10":{"name":"(anonymous_10)","decl":{"start":{"line":157,"column":2},"end":{"line":157,"column":3}},"loc":{"start":{"line":157,"column":36},"end":{"line":159,"column":3}},"line":157},"11":{"name":"(anonymous_11)","decl":{"start":{"line":161,"column":2},"end":{"line":161,"column":3}},"loc":{"start":{"line":161,"column":22},"end":{"line":165,"column":3}},"line":161},"12":{"name":"(anonymous_12)","decl":{"start":{"line":162,"column":54},"end":{"line":162,"column":55}},"loc":{"start":{"line":163,"column":6},"end":{"line":163,"column":51}},"line":163},"13":{"name":"(anonymous_13)","decl":{"start":{"line":167,"column":2},"end":{"line":167,"column":3}},"loc":{"start":{"line":167,"column":18},"end":{"line":174,"column":3}},"line":167},"14":{"name":"(anonymous_14)","decl":{"start":{"line":177,"column":2},"end":{"line":177,"column":3}},"loc":{"start":{"line":177,"column":12},"end":{"line":185,"column":3}},"line":177},"15":{"name":"(anonymous_15)","decl":{"start":{"line":181,"column":23},"end":{"line":181,"column":24}},"loc":{"start":{"line":181,"column":30},"end":{"line":183,"column":7}},"line":181},"16":{"name":"(anonymous_16)","decl":{"start":{"line":192,"column":36},"end":{"line":192,"column":37}},"loc":{"start":{"line":192,"column":42},"end":{"line":194,"column":1}},"line":192},"17":{"name":"(anonymous_17)","decl":{"start":{"line":197,"column":27},"end":{"line":197,"column":28}},"loc":{"start":{"line":197,"column":33},"end":{"line":199,"column":1}},"line":197}},"branchMap":{"0":{"loc":{"start":{"line":38,"column":4},"end":{"line":40,"column":5}},"type":"if","locations":[{"start":{"line":38,"column":4},"end":{"line":40,"column":5}},{"start":{},"end":{}}],"line":38},"1":{"loc":{"start":{"line":46,"column":4},"end":{"line":48,"column":5}},"type":"if","locations":[{"start":{"line":46,"column":4},"end":{"line":48,"column":5}},{"start":{},"end":{}}],"line":46},"2":{"loc":{"start":{"line":46,"column":8},"end":{"line":46,"column":72}},"type":"binary-expr","locations":[{"start":{"line":46,"column":8},"end":{"line":46,"column":31}},{"start":{"line":46,"column":35},"end":{"line":46,"column":72}}],"line":46},"3":{"loc":{"start":{"line":64,"column":6},"end":{"line":66,"column":7}},"type":"if","locations":[{"start":{"line":64,"column":6},"end":{"line":66,"column":7}},{"start":{},"end":{}}],"line":64},"4":{"loc":{"start":{"line":64,"column":10},"end":{"line":64,"column":63}},"type":"binary-expr","locations":[{"start":{"line":64,"column":10},"end":{"line":64,"column":34}},{"start":{"line":64,"column":38},"end":{"line":64,"column":63}}],"line":64},"5":{"loc":{"start":{"line":68,"column":6},"end":{"line":70,"column":7}},"type":"if","locations":[{"start":{"line":68,"column":6},"end":{"line":70,"column":7}},{"start":{},"end":{}}],"line":68},"6":{"loc":{"start":{"line":111,"column":8},"end":{"line":116,"column":9}},"type":"if","locations":[{"start":{"line":111,"column":8},"end":{"line":116,"column":9}},{"start":{},"end":{}}],"line":111},"7":{"loc":{"start":{"line":158,"column":11},"end":{"line":158,"column":53}},"type":"binary-expr","locations":[{"start":{"line":158,"column":11},"end":{"line":158,"column":45}},{"start":{"line":158,"column":49},"end":{"line":158,"column":53}}],"line":158},"8":{"loc":{"start":{"line":179,"column":4},"end":{"line":184,"column":5}},"type":"if","locations":[{"start":{"line":179,"column":4},"end":{"line":184,"column":5}},{"start":{},"end":{}}],"line":179}},"s":{"0":2,"1":2,"2":2,"3":2,"4":2,"5":2,"6":2,"7":2,"8":2,"9":45,"10":45,"11":45,"12":45,"13":45,"14":45,"15":29,"16":45,"17":70,"18":29,"19":41,"20":41,"21":41,"22":41,"23":41,"24":41,"25":41,"26":41,"27":41,"28":41,"29":41,"30":1,"31":40,"32":0,"33":40,"34":40,"35":80,"36":40,"37":80,"38":80,"39":40,"40":40,"41":40,"42":40,"43":40,"44":40,"45":40,"46":39,"47":39,"48":52,"49":52,"50":0,"51":52,"52":52,"53":52,"54":39,"55":39,"56":52,"57":52,"58":39,"59":39,"60":39,"61":39,"62":39,"63":2,"64":2,"65":2,"66":2,"67":2,"68":41,"69":41,"70":41,"71":29,"72":1,"73":109,"74":1,"75":1,"76":1,"77":1,"78":1,"79":10,"80":2,"81":2,"82":0,"83":2,"84":1,"85":2},"f":{"0":2,"1":45,"2":45,"3":70,"4":80,"5":80,"6":52,"7":52,"8":52,"9":41,"10":29,"11":1,"12":109,"13":1,"14":1,"15":10,"16":0,"17":1},"b":{"0":[29,16],"1":[29,41],"2":[70,41],"3":[1,40],"4":[41,40],"5":[0,40],"6":[0,52],"7":[29,1],"8":[1,0]},"_coverageSchema":"1a1c01bbd47fc00a2c39e90264f33305004495a9","hash":"cfeed1449ab337b9b40dcd737a70db9b66ea220a"}
,"/home/LeGusto/Documents/Mini-Judge/src/server.js": {"path":"/home/LeGusto/Documents/Mini-Judge/src/server.js","statementMap":{"0":{"start":{"line":1,"column":16},"end":{"line":1,"column":34}},"1":{"start":{"line":2,"column":21},"end":{"line":2,"column":47}},"2":{"start":{"line":3,"column":15},"end":{"line":3,"column":32}},"3":{"start":{"line":4,"column":13},"end":{"line":4,"column":28}},"4":{"start":{"line":5,"column":11},"end":{"line":5,"column":24}},"5":{"start":{"line":8,"column":25},"end":{"line":8,"column":48}},"6":{"start":{"line":9,"column":17},"end":{"line":9,"column":50}},"7":{"start":{"line":11,"column":2},"end":{"line":20,"column":3}},"8":{"start":{"line":12,"column":18},"end":{"line":12,"column":40}},"9":{"start":{"line":13,"column":4},"end":{"line":17,"column":5}},"10":{"start":{"line":14,"column":23},"end":{"line":14,"column":46}},"11":{"start":{"line":15,"column":6},"end":{"line":15,"column":30}},"12":{"start":{"line":16,"column":6},"end":{"line":16,"column":37}},"13":{"start":{"line":19,"column":4},"end":{"line":19,"column":70}},"14":{"start":{"line":23,"column":12},"end":{"line":23,"column":21}},"15":{"start":{"line":24,"column":0},"end":{"line":24,"column":24}},"16":{"start":{"line":27,"column":16},"end":{"line":39,"column":2}},"17":{"start":{"line":29,"column":4},"end":{"line":29,"column":21}},"18":{"start":{"line":32,"column":22},"end":{"line":32,"column":32}},"19":{"start":{"line":33,"column":25},"end":{"line":33,"column":42}},"20":{"start":{"line":34,"column":16},"end":{"line":34,"column":42}},"21":{"start":{"line":35,"column":21},"end":{"line":35,"column":53}},"22":{"start":{"line":37,"column":4},"end":{"line":37,"column":47}},"23":{"start":{"line":42,"column":15},"end":{"line":42,"column":43}},"24":{"start":{"line":43,"column":0},"end":{"line":43,"column":14}},"25":{"start":{"line":45,"column":0},"end":{"line":83,"column":3}},"26":{"start":{"line":48,"column":34},"end":{"line":48,"column":42}},"27":{"start":{"line":50,"column":2},"end":{"line":52,"column":3}},"28":{"start":{"line":51,"column":4},"end":{"line":51,"column":88}},"29":{"start":{"line":54,"column":23},"end":{"line":54,"column":49}},"30":{"start":{"line":57,"column":21},"end":{"line":57,"column":53}},"31":{"start":{"line":58,"column":19},"end":{"line":58,"column":49}},"32":{"start":{"line":59,"column":20},"end":{"line":59,"column":51}},"33":{"start":{"line":61,"column":2},"end":{"line":63,"column":3}},"34":{"start":{"line":62,"column":4},"end":{"line":62,"column":87}},"35":{"start":{"line":65,"column":2},"end":{"line":82,"column":3}},"36":{"start":{"line":67,"column":25},"end":{"line":71,"column":6}},"37":{"start":{"line":73,"column":4},"end":{"line":77,"column":7}},"38":{"start":{"line":80,"column":4},"end":{"line":80,"column":39}},"39":{"start":{"line":81,"column":4},"end":{"line":81,"column":61}},"40":{"start":{"line":86,"column":0},"end":{"line":95,"column":3}},"41":{"start":{"line":87,"column":23},"end":{"line":87,"column":36}},"42":{"start":{"line":88,"column":21},"end":{"line":88,"column":67}},"43":{"start":{"line":90,"column":2},"end":{"line":92,"column":3}},"44":{"start":{"line":91,"column":4},"end":{"line":91,"column":67}},"45":{"start":{"line":94,"column":2},"end":{"line":94,"column":23}},"46":{"start":{"line":97,"column":13},"end":{"line":97,"column":17}},"47":{"start":{"line":98,"column":0},"end":{"line":100,"column":3}},"48":{"start":{"line":99,"column":2},"end":{"line":99,"column":63}},"49":{"start":{"line":102,"column":17},"end":{"line":105,"column":1}},"50":{"start":{"line":103,"column":2},"end":{"line":103,"column":16}},"51":{"start":{"line":104,"column":2},"end":{"line":104,"column":17}},"52":{"start":{"line":107,"column":0},"end":{"line":107,"column":31}},"53":{"start":{"line":108,"column":0},"end":{"line":108,"column":32}},"54":{"start":{"line":109,"column":0},"end":{"line":109,"column":29}},"55":{"start":{"line":111,"column":0},"end":{"line":111,"column":21}}},"fnMap":{"0":{"name":"cleanTmpDir","decl":{"start":{"line":7,"column":9},"end":{"line":7,"column":20}},"loc":{"start":{"line":7,"column":23},"end":{"line":21,"column":1}},"line":7},"1":{"name":"(anonymous_1)","decl":{"start":{"line":28,"column":15},"end":{"line":28,"column":16}},"loc":{"start":{"line":28,"column":34},"end":{"line":30,"column":3}},"line":28},"2":{"name":"(anonymous_2)","decl":{"start":{"line":31,"column":12},"end":{"line":31,"column":13}},"loc":{"start":{"line":31,"column":31},"end":{"line":38,"column":3}},"line":31},"3":{"name":"(anonymous_3)","decl":{"start":{"line":47,"column":4},"end":{"line":47,"column":5}},"loc":{"start":{"line":47,"column":24},"end":{"line":83,"column":1}},"line":47},"4":{"name":"(anonymous_4)","decl":{"start":{"line":86,"column":27},"end":{"line":86,"column":28}},"loc":{"start":{"line":86,"column":41},"end":{"line":95,"column":1}},"line":86},"5":{"name":"(anonymous_5)","decl":{"start":{"line":98,"column":17},"end":{"line":98,"column":18}},"loc":{"start":{"line":98,"column":23},"end":{"line":100,"column":1}},"line":98},"6":{"name":"(anonymous_6)","decl":{"start":{"line":102,"column":17},"end":{"line":102,"column":18}},"loc":{"start":{"line":102,"column":23},"end":{"line":105,"column":1}},"line":102}},"branchMap":{"0":{"loc":{"start":{"line":50,"column":2},"end":{"line":52,"column":3}},"type":"if","locations":[{"start":{"line":50,"column":2},"end":{"line":52,"column":3}},{"start":{},"end":{}}],"line":50},"1":{"loc":{"start":{"line":50,"column":6},"end":{"line":50,"column":48}},"type":"binary-expr","locations":[{"start":{"line":50,"column":6},"end":{"line":50,"column":21}},{"start":{"line":50,"column":25},"end":{"line":50,"column":34}},{"start":{"line":50,"column":38},"end":{"line":50,"column":48}}],"line":50},"2":{"loc":{"start":{"line":61,"column":2},"end":{"line":63,"column":3}},"type":"if","locations":[{"start":{"line":61,"column":2},"end":{"line":63,"column":3}},{"start":{},"end":{}}],"line":61},"3":{"loc":{"start":{"line":61,"column":6},"end":{"line":61,"column":59}},"type":"binary-expr","locations":[{"start":{"line":61,"column":6},"end":{"line":61,"column":30}},{"start":{"line":61,"column":34},"end":{"line":61,"column":59}}],"line":61},"4":{"loc":{"start":{"line":90,"column":2},"end":{"line":92,"column":3}},"type":"if","locations":[{"start":{"line":90,"column":2},"end":{"line":92,"column":3}},{"start":{},"end":{}}],"line":90}},"s":{"0":2,"1":2,"2":2,"3":2,"4":2,"5":2,"6":2,"7":2,"8":2,"9":2,"10":32,"11":32,"12":31,"13":1,"14":2,"15":2,"16":2,"17":19,"18":19,"19":19,"20":19,"21":19,"22":19,"23":2,"24":2,"25":2,"26":22,"27":22,"28":3,"29":19,"30":19,"31":19,"32":19,"33":19,"34":2,"35":17,"36":17,"37":17,"38":0,"39":0,"40":2,"41":16,"42":16,"43":16,"44":0,"45":16,"46":2,"47":2,"48":2,"49":2,"50":0,"51":0,"52":2,"53":2,"54":2,"55":2},"f":{"0":2,"1":19,"2":19,"3":22,"4":16,"5":2,"6":0},"b":{"0":[3,19],"1":[22,19,19],"2":[2,17],"3":[19,17],"4":[0,16]},"_coverageSchema":"1a1c01bbd47fc00a2c39e90264f33305004495a9","hash":"502288f844f8880b73c85566055195782b5e04e8"}
,"/home/LeGusto/Documents/Mini-Judge/src/verdict.js": {"path":"/home/LeGusto/Documents/Mini-Judge/src/verdict.js","statementMap":{"0":{"start":{"line":1,"column":15},"end":{"line":1,"column":35}},"1":{"start":{"line":4,"column":2},"end":{"line":9,"column":26}},"2":{"start":{"line":13,"column":2},"end":{"line":15,"column":3}},"3":{"start":{"line":14,"column":4},"end":{"line":14,"column":33}},"4":{"start":{"line":17,"column":2},"end":{"line":19,"column":3}},"5":{"start":{"line":18,"column":4},"end":{"line":18,"column":35}},"6":{"start":{"line":21,"column":2},"end":{"line":23,"column":3}},"7":{"start":{"line":22,"column":4},"end":{"line":22,"column":27}},"8":{"start":{"line":25,"column":17},"end":{"line":25,"column":47}},"9":{"start":{"line":26,"column":19},"end":{"line":26,"column":50}},"10":{"start":{"line":28,"column":2},"end":{"line":30,"column":3}},"11":{"start":{"line":29,"column":4},"end":{"line":29,"column":22}},"12":{"start":{"line":32,"column":2},"end":{"line":32,"column":24}},"13":{"start":{"line":35,"column":0},"end":{"line":35,"column":32}}},"fnMap":{"0":{"name":"normalize","decl":{"start":{"line":3,"column":9},"end":{"line":3,"column":18}},"loc":{"start":{"line":3,"column":25},"end":{"line":10,"column":1}},"line":3},"1":{"name":"getVerdict","decl":{"start":{"line":12,"column":9},"end":{"line":12,"column":19}},"loc":{"start":{"line":12,"column":44},"end":{"line":33,"column":1}},"line":12}},"branchMap":{"0":{"loc":{"start":{"line":13,"column":2},"end":{"line":15,"column":3}},"type":"if","locations":[{"start":{"line":13,"column":2},"end":{"line":15,"column":3}},{"start":{},"end":{}}],"line":13},"1":{"loc":{"start":{"line":17,"column":2},"end":{"line":19,"column":3}},"type":"if","locations":[{"start":{"line":17,"column":2},"end":{"line":19,"column":3}},{"start":{},"end":{}}],"line":17},"2":{"loc":{"start":{"line":21,"column":2},"end":{"line":23,"column":3}},"type":"if","locations":[{"start":{"line":21,"column":2},"end":{"line":23,"column":3}},{"start":{},"end":{}}],"line":21},"3":{"loc":{"start":{"line":25,"column":27},"end":{"line":25,"column":46}},"type":"binary-expr","locations":[{"start":{"line":25,"column":27},"end":{"line":25,"column":40}},{"start":{"line":25,"column":44},"end":{"line":25,"column":46}}],"line":25},"4":{"loc":{"start":{"line":26,"column":29},"end":{"line":26,"column":49}},"type":"binary-expr","locations":[{"start":{"line":26,"column":29},"end":{"line":26,"column":43}},{"start":{"line":26,"column":47},"end":{"line":26,"column":49}}],"line":26},"5":{"loc":{"start":{"line":28,"column":2},"end":{"line":30,"column":3}},"type":"if","locations":[{"start":{"line":28,"column":2},"end":{"line":30,"column":3}},{"start":{},"end":{}}],"line":28}},"s":{"0":1,"1":26,"2":17,"3":2,"4":15,"5":1,"6":14,"7":1,"8":13,"9":13,"10":13,"11":10,"12":3,"13":1},"f":{"0":26,"1":17},"b":{"0":[2,15],"1":[1,14],"2":[1,13],"3":[13,2],"4":[13,1],"5":[10,3]},"_coverageSchema":"1a1c01bbd47fc00a2c39e90264f33305004495a9","hash":"ab0b2d64bddcb3f7fb628c697c7674c0296dfdca"}
}
