TN:
SF:config.js
FNF:0
FNH:0
DA:1,2
LF:1
LH:1
BRF:0
BRH:0
end_of_record
TN:
SF:src/judge.js
FN:8,createTarStream
FN:19,(anonymous_1)
FN:25,(anonymous_2)
FN:32,(anonymous_3)
FN:39,executeCode
FN:97,(anonymous_5)
FN:98,(anonymous_6)
FN:108,(anonymous_7)
FN:110,(anonymous_8)
FN:158,(anonymous_9)
FN:159,(anonymous_10)
FNF:11
FNH:3
FNDA:0,createTarStream
FNDA:0,(anonymous_1)
FNDA:3,(anonymous_2)
FNDA:6,(anonymous_3)
FNDA:9,executeCode
FNDA:0,(anonymous_5)
FNDA:0,(anonymous_6)
FNDA:0,(anonymous_7)
FNDA:0,(anonymous_8)
FNDA:0,(anonymous_9)
FNDA:0,(anonymous_10)
DA:1,1
DA:2,1
DA:3,1
DA:4,1
DA:5,1
DA:6,1
DA:9,0
DA:10,0
DA:12,0
DA:13,0
DA:14,0
DA:15,0
DA:16,0
DA:19,0
DA:22,1
DA:26,3
DA:33,6
DA:34,6
DA:40,9
DA:41,0
DA:44,9
DA:45,9
DA:46,9
DA:47,0
DA:50,9
DA:52,9
DA:53,9
DA:54,9
DA:56,9
DA:77,0
DA:79,0
DA:80,0
DA:84,0
DA:85,0
DA:86,0
DA:88,0
DA:96,0
DA:97,0
DA:98,0
DA:99,0
DA:100,0
DA:103,0
DA:104,0
DA:107,0
DA:108,0
DA:109,0
DA:110,0
DA:113,0
DA:115,0
DA:116,0
DA:118,0
DA:120,0
DA:121,0
DA:122,0
DA:123,0
DA:128,0
DA:129,0
DA:131,0
DA:132,0
DA:134,0
DA:135,0
DA:136,0
DA:137,0
DA:138,0
DA:139,0
DA:140,0
DA:141,0
DA:142,0
DA:145,0
DA:153,0
DA:154,0
DA:155,0
DA:157,0
DA:158,0
DA:159,0
DA:162,0
DA:164,0
DA:169,0
DA:170,0
DA:173,0
DA:176,1
LF:81
LH:20
BRDA:26,0,0,1
BRDA:26,0,1,2
BRDA:33,1,0,2
BRDA:33,1,1,4
BRDA:39,2,0,0
BRDA:40,3,0,0
BRDA:40,3,1,9
BRDA:46,4,0,0
BRDA:46,4,1,9
BRDA:53,5,0,3
BRDA:53,5,1,6
BRDA:54,6,0,9
BRDA:54,6,1,6
BRDA:60,7,0,3
BRDA:60,7,1,6
BRDA:80,8,0,0
BRDA:80,8,1,0
BRDA:99,9,0,0
BRDA:99,9,1,0
BRDA:123,10,0,0
BRDA:123,10,1,0
BRDA:134,11,0,0
BRDA:134,11,1,0
BRDA:134,12,0,0
BRDA:134,12,1,0
BRDA:137,13,0,0
BRDA:137,13,1,0
BRDA:137,14,0,0
BRDA:137,14,1,0
BRDA:140,15,0,0
BRDA:140,15,1,0
BRDA:154,16,0,0
BRDA:154,16,1,0
BRDA:154,17,0,0
BRDA:154,17,1,0
BRDA:157,18,0,0
BRDA:157,18,1,0
BRDA:169,19,0,0
BRDA:169,19,1,0
BRDA:169,20,0,0
BRDA:169,20,1,0
BRF:41
BRH:12
end_of_record
TN:
SF:src/queue_manager.js
FN:7,(anonymous_0)
FN:15,(anonymous_1)
FN:19,(anonymous_2)
FN:45,(anonymous_3)
FN:75,(anonymous_4)
FN:76,(anonymous_5)
FN:109,(anonymous_6)
FN:134,(anonymous_7)
FN:135,(anonymous_8)
FN:153,(anonymous_9)
FN:157,(anonymous_10)
FN:161,(anonymous_11)
FN:162,(anonymous_12)
FN:167,(anonymous_13)
FN:177,(anonymous_14)
FN:181,(anonymous_15)
FN:192,(anonymous_16)
FN:197,(anonymous_17)
FNF:18
FNH:17
FNDA:2,(anonymous_0)
FNDA:45,(anonymous_1)
FNDA:45,(anonymous_2)
FNDA:70,(anonymous_3)
FNDA:80,(anonymous_4)
FNDA:80,(anonymous_5)
FNDA:52,(anonymous_6)
FNDA:52,(anonymous_7)
FNDA:52,(anonymous_8)
FNDA:41,(anonymous_9)
FNDA:29,(anonymous_10)
FNDA:1,(anonymous_11)
FNDA:109,(anonymous_12)
FNDA:1,(anonymous_13)
FNDA:1,(anonymous_14)
FNDA:10,(anonymous_15)
FNDA:0,(anonymous_16)
FNDA:1,(anonymous_17)
DA:1,2
DA:2,2
DA:3,2
DA:4,2
DA:8,2
DA:9,2
DA:10,2
DA:11,2
DA:12,2
DA:16,45
DA:20,45
DA:22,45
DA:34,45
DA:35,45
DA:38,45
DA:39,29
DA:42,45
DA:46,70
DA:47,29
DA:50,41
DA:51,41
DA:53,41
DA:54,41
DA:55,41
DA:56,41
DA:59,41
DA:60,41
DA:61,41
DA:62,41
DA:64,41
DA:65,1
DA:68,40
DA:69,0
DA:72,40
DA:75,80
DA:76,40
DA:77,80
DA:78,80
DA:84,40
DA:87,40
DA:88,40
DA:89,40
DA:90,40
DA:92,40
DA:95,40
DA:106,39
DA:109,39
DA:110,52
DA:111,52
DA:112,0
DA:118,52
DA:119,52
DA:121,52
DA:129,39
DA:132,39
DA:134,52
DA:135,52
DA:138,39
DA:139,39
DA:140,39
DA:141,39
DA:142,39
DA:145,2
DA:146,2
DA:147,2
DA:148,2
DA:149,2
DA:151,41
DA:153,41
DA:158,29
DA:162,1
DA:163,109
DA:168,1
DA:178,1
DA:179,1
DA:180,1
DA:181,1
DA:182,10
DA:189,2
DA:192,2
DA:193,0
DA:197,2
DA:198,1
DA:201,2
LF:84
LH:81
BRDA:38,0,0,29
BRDA:38,0,1,16
BRDA:46,1,0,29
BRDA:46,1,1,41
BRDA:46,2,0,70
BRDA:46,2,1,41
BRDA:64,3,0,1
BRDA:64,3,1,40
BRDA:64,4,0,41
BRDA:64,4,1,40
BRDA:68,5,0,0
BRDA:68,5,1,40
BRDA:111,6,0,0
BRDA:111,6,1,52
BRDA:158,7,0,29
BRDA:158,7,1,1
BRDA:179,8,0,1
BRDA:179,8,1,0
BRF:18
BRH:15
end_of_record
TN:
SF:src/server.js
FN:7,cleanTmpDir
FN:28,(anonymous_1)
FN:31,(anonymous_2)
FN:47,(anonymous_3)
FN:86,(anonymous_4)
FN:98,(anonymous_5)
FN:102,(anonymous_6)
FNF:7
FNH:6
FNDA:2,cleanTmpDir
FNDA:19,(anonymous_1)
FNDA:19,(anonymous_2)
FNDA:22,(anonymous_3)
FNDA:16,(anonymous_4)
FNDA:2,(anonymous_5)
FNDA:0,(anonymous_6)
DA:1,2
DA:2,2
DA:3,2
DA:4,2
DA:5,2
DA:8,2
DA:9,2
DA:11,2
DA:12,2
DA:13,2
DA:14,32
DA:15,32
DA:16,31
DA:19,1
DA:23,2
DA:24,2
DA:27,2
DA:29,19
DA:32,19
DA:33,19
DA:34,19
DA:35,19
DA:37,19
DA:42,2
DA:43,2
DA:45,2
DA:48,22
DA:50,22
DA:51,3
DA:54,19
DA:57,19
DA:58,19
DA:59,19
DA:61,19
DA:62,2
DA:65,17
DA:67,17
DA:73,17
DA:80,0
DA:81,0
DA:86,2
DA:87,16
DA:88,16
DA:90,16
DA:91,0
DA:94,16
DA:97,2
DA:98,2
DA:99,2
DA:102,2
DA:103,0
DA:104,0
DA:107,2
DA:108,2
DA:109,2
DA:111,2
LF:56
LH:51
BRDA:50,0,0,3
BRDA:50,0,1,19
BRDA:50,1,0,22
BRDA:50,1,1,19
BRDA:50,1,2,19
BRDA:61,2,0,2
BRDA:61,2,1,17
BRDA:61,3,0,19
BRDA:61,3,1,17
BRDA:90,4,0,0
BRDA:90,4,1,16
BRF:11
BRH:10
end_of_record
TN:
SF:src/verdict.js
FN:3,normalize
FN:12,getVerdict
FNF:2
FNH:2
FNDA:26,normalize
FNDA:17,getVerdict
DA:1,1
DA:4,26
DA:13,17
DA:14,2
DA:17,15
DA:18,1
DA:21,14
DA:22,1
DA:25,13
DA:26,13
DA:28,13
DA:29,10
DA:32,3
DA:35,1
LF:14
LH:14
BRDA:13,0,0,2
BRDA:13,0,1,15
BRDA:17,1,0,1
BRDA:17,1,1,14
BRDA:21,2,0,1
BRDA:21,2,1,13
BRDA:25,3,0,13
BRDA:25,3,1,2
BRDA:26,4,0,13
BRDA:26,4,1,1
BRDA:28,5,0,10
BRDA:28,5,1,3
BRF:12
BRH:12
end_of_record
